<?xml version="1.0" encoding="UTF-8"?>
<!-- Generated by org.testng.reporters.JUnitXMLReporter -->
<testsuite hostname="DESKTOP-0LCQ12L" ignored="0" name="Default test" tests="3" failures="0" timestamp="2021-09-27T12:16:04 IST" time="0.082" errors="0">
  <testcase name="login" time="0.01" classname="com.ProjectTestNg.com.DataProvider_Test"/>
  <testcase name="login" time="0.002" classname="com.ProjectTestNg.com.DataProvider_Test"/>
  <testcase name="login" time="0.003" classname="com.ProjectTestNg.com.DataProvider_Test"/>
</testsuite> <!-- Default test -->
