<?xml version="1.0" encoding="UTF-8"?>
<testng-results skipped="0" failed="0" ignored="0" total="3" passed="3">
  <reporter-output>
  </reporter-output>
  <suite name="Default suite" duration-ms="82" started-at="2021-09-27T12:16:04 IST" finished-at="2021-09-27T12:16:04 IST">
    <groups>
    </groups>
    <test name="Default test" duration-ms="82" started-at="2021-09-27T12:16:04 IST" finished-at="2021-09-27T12:16:04 IST">
      <class name="com.ProjectTestNg.com.DataProvider_Test">
        <test-method status="PASS" signature="login(java.lang.String,java.lang.String)[pri:0, instance:com.ProjectTestNg.com.DataProvider_Test@5d76b067]" name="login" duration-ms="10" started-at="2021-09-27T12:16:04 IST" data-provider="My New Data" finished-at="2021-09-27T12:16:04 IST">
          <params>
            <param index="0">
              <value>
                <![CDATA[GHB]]>
              </value>
            </param>
            <param index="1">
              <value>
                <![CDATA[789]]>
              </value>
            </param>
          </params>
          <reporter-output>
          </reporter-output>
        </test-method> <!-- login -->
        <test-method status="PASS" signature="login(java.lang.String,java.lang.String)[pri:0, instance:com.ProjectTestNg.com.DataProvider_Test@5d76b067]" name="login" duration-ms="2" started-at="2021-09-27T12:16:04 IST" data-provider="My New Data" finished-at="2021-09-27T12:16:04 IST">
          <params>
            <param index="0">
              <value>
                <![CDATA[Asd]]>
              </value>
            </param>
            <param index="1">
              <value>
                <![CDATA[485]]>
              </value>
            </param>
          </params>
          <reporter-output>
          </reporter-output>
        </test-method> <!-- login -->
        <test-method status="PASS" signature="login(java.lang.String,java.lang.String)[pri:0, instance:com.ProjectTestNg.com.DataProvider_Test@5d76b067]" name="login" duration-ms="3" started-at="2021-09-27T12:16:04 IST" data-provider="My New Data" finished-at="2021-09-27T12:16:04 IST">
          <params>
            <param index="0">
              <value>
                <![CDATA[ERF]]>
              </value>
            </param>
            <param index="1">
              <value>
                <![CDATA[5258]]>
              </value>
            </param>
          </params>
          <reporter-output>
          </reporter-output>
        </test-method> <!-- login -->
      </class> <!-- com.ProjectTestNg.com.DataProvider_Test -->
    </test> <!-- Default test -->
  </suite> <!-- Default suite -->
</testng-results>
